{"E:\\React\\Projetos\\React Native\\pessoal\\myappfood\\src\\components\\IconInfo\\index.tsx": {"path":"E:\\React\\Projetos\\React Native\\pessoal\\myappfood\\src\\components\\IconInfo\\index.tsx","statementMap":{"0":{"start":{"line":14,"column":49},"end":{"line":35,"column":1}},"1":{"start":{"line":23,"column":2},"end":{"line":34,"column":4}}},"fnMap":{"0":{"name":"(anonymous_0)","decl":{"start":{"line":14,"column":49},"end":{"line":14,"column":50}},"loc":{"start":{"line":22,"column":6},"end":{"line":35,"column":1}},"line":22}},"branchMap":{"0":{"loc":{"start":{"line":25,"column":7},"end":{"line":29,"column":7}},"type":"cond-expr","locations":[{"start":{"line":26,"column":8},"end":{"line":26,"column":77}},{"start":{"line":28,"column":8},"end":{"line":28,"column":78}}],"line":25}},"s":{"0":1,"1":3},"f":{"0":3},"b":{"0":[1,2]},"_coverageSchema":"1a1c01bbd47fc00a2c39e90264f33305004495a9","hash":"52b0363d5db9b6de8bfb6151018c9b843d7ace41"}
,"E:\\React\\Projetos\\React Native\\pessoal\\myappfood\\src\\components\\IconInfo\\styles.ts": {"path":"E:\\React\\Projetos\\React Native\\pessoal\\myappfood\\src\\components\\IconInfo\\styles.ts","statementMap":{"0":{"start":{"line":11,"column":25},"end":{"line":14,"column":1}},"1":{"start":{"line":16,"column":24},"end":{"line":20,"column":1}},"2":{"start":{"line":22,"column":23},"end":{"line":26,"column":1}},"3":{"start":{"line":28,"column":21},"end":{"line":32,"column":1}},"4":{"start":{"line":29,"column":31},"end":{"line":29,"column":48}},"5":{"start":{"line":30,"column":30},"end":{"line":30,"column":57}},"6":{"start":{"line":31,"column":36},"end":{"line":31,"column":77}}},"fnMap":{"0":{"name":"(anonymous_0)","decl":{"start":{"line":29,"column":15},"end":{"line":29,"column":16}},"loc":{"start":{"line":29,"column":31},"end":{"line":29,"column":48}},"line":29},"1":{"name":"(anonymous_1)","decl":{"start":{"line":30,"column":17},"end":{"line":30,"column":18}},"loc":{"start":{"line":30,"column":30},"end":{"line":30,"column":57}},"line":30},"2":{"name":"(anonymous_2)","decl":{"start":{"line":31,"column":11},"end":{"line":31,"column":12}},"loc":{"start":{"line":31,"column":36},"end":{"line":31,"column":77}},"line":31}},"branchMap":{"0":{"loc":{"start":{"line":31,"column":36},"end":{"line":31,"column":77}},"type":"cond-expr","locations":[{"start":{"line":31,"column":48},"end":{"line":31,"column":57}},{"start":{"line":31,"column":60},"end":{"line":31,"column":77}}],"line":31}},"s":{"0":1,"1":1,"2":1,"3":1,"4":3,"5":3,"6":3},"f":{"0":3,"1":3,"2":3},"b":{"0":[1,2]},"_coverageSchema":"1a1c01bbd47fc00a2c39e90264f33305004495a9","hash":"68d5ac43b5d3e53debba703f050d7d64206603ed"}
,"E:\\React\\Projetos\\React Native\\pessoal\\myappfood\\src\\styles\\theme.ts": {"path":"E:\\React\\Projetos\\React Native\\pessoal\\myappfood\\src\\styles\\theme.ts","statementMap":{},"fnMap":{},"branchMap":{},"s":{},"f":{},"b":{},"_coverageSchema":"1a1c01bbd47fc00a2c39e90264f33305004495a9","hash":"8b078911aa3013d8307c211e1aafc8a651e6369f"}
}
